<?xml version="1.0" encoding="UTF-8"?>
<!-- Generated by org.testng.reporters.JUnitReportReporter -->
<testsuite hostname="DESKTOP-IOIIPVP" failures="0" tests="1" name="elements.Test_Tables" time="0.099" errors="0" timestamp="2021-10-14T13:06:43 EET" skipped="0">
  <testcase classname="elements.Test_Tables" name="GetTableRows" time="0.099"/>
  <system-out/>
</testsuite> <!-- elements.Test_Tables -->
