<?xml version="1.0" encoding="UTF-8"?>
<!-- Generated by org.testng.reporters.JUnitReportReporter -->
<testsuite hostname="DESKTOP-IOIIPVP" failures="0" tests="1" name="elements.TestAlert" time="0.080" errors="0" timestamp="2021-10-16T20:29:24 EET" skipped="0">
  <testcase classname="elements.TestAlert" name="UserCanLogin" time="0.080"/>
  <system-out/>
</testsuite> <!-- elements.TestAlert -->
