<?xml version="1.0" encoding="UTF-8"?>
<!-- Generated by org.testng.reporters.JUnitReportReporter -->
<testsuite hostname="DESKTOP-IOIIPVP" failures="0" tests="1" name="turath.net.Turath.NewTest3" time="0.019" errors="0" timestamp="2021-10-08T18:21:49 EET" skipped="0">
  <testcase classname="turath.net.Turath.NewTest3" name="A" time="0.019"/>
  <system-out/>
</testsuite> <!-- turath.net.Turath.NewTest3 -->
