<?xml version="1.0" encoding="UTF-8"?>
<!-- Generated by org.testng.reporters.JUnitReportReporter -->
<testsuite hostname="DESKTOP-IOIIPVP" failures="0" tests="2" name="elements.TestWaits" time="4.272" errors="0" timestamp="2021-10-22T12:44:34 EET" skipped="0">
  <testcase classname="elements.TestWaits" name="GetLinks" time="2.314"/>
  <system-out/>
  <testcase classname="elements.TestWaits" name="GetLinks2" time="1.958"/>
  <system-out/>
</testsuite> <!-- elements.TestWaits -->
