<?xml version="1.0" encoding="UTF-8"?>
<!-- Generated by org.testng.reporters.JUnitReportReporter -->
<testsuite hostname="DESKTOP-IOIIPVP" failures="0" tests="1" name="elements.TestUploadFiles" time="0.049" errors="0" timestamp="2021-10-30T12:34:56 EET" skipped="0">
  <testcase classname="elements.TestUploadFiles" name="UploadFiles" time="0.049"/>
  <system-out/>
</testsuite> <!-- elements.TestUploadFiles -->
