<?xml version="1.0" encoding="UTF-8"?>
<!-- Generated by org.testng.reporters.JUnitReportReporter -->
<testsuite hostname="DESKTOP-IOIIPVP" failures="0" tests="1" name="elements.TestDouleClick" time="0.671" errors="0" timestamp="2021-10-30T09:20:43 EET" skipped="0">
  <testcase classname="elements.TestDouleClick" name="ChildWindows" time="0.671"/>
  <system-out/>
</testsuite> <!-- elements.TestDouleClick -->
