<?xml version="1.0" encoding="UTF-8"?>
<!-- Generated by org.testng.reporters.JUnitReportReporter -->
<testsuite hostname="DESKTOP-IOIIPVP" failures="0" tests="1" name="elements.NewTest3" time="0.049" errors="0" timestamp="2021-10-09T21:05:21 EET" skipped="0">
  <testcase classname="elements.NewTest3" name="UserCanLogin" time="0.049"/>
  <system-out/>
</testsuite> <!-- elements.NewTest3 -->
