<?xml version="1.0" encoding="UTF-8"?>
<!-- Generated by org.testng.reporters.JUnitReportReporter -->
<testsuite hostname="DESKTOP-IOIIPVP" failures="0" tests="1" name="elements.TestDropDownList" time="0.511" errors="0" timestamp="2021-10-16T08:51:33 EET" skipped="0">
  <testcase classname="elements.TestDropDownList" name="GetLinks" time="0.511"/>
  <system-out/>
</testsuite> <!-- elements.TestDropDownList -->
