<?xml version="1.0" encoding="UTF-8"?>
<!-- Generated by org.testng.reporters.JUnitReportReporter -->
<testsuite hostname="DESKTOP-IOIIPVP" failures="0" tests="1" name="elements.TestWindowHnadel" time="0.546" errors="0" timestamp="2021-10-23T17:14:33 EET" skipped="0">
  <testcase classname="elements.TestWindowHnadel" name="GetLinks333" time="0.546"/>
  <system-out/>
</testsuite> <!-- elements.TestWindowHnadel -->
