<?xml version="1.0" encoding="UTF-8"?>
<!-- Generated by org.testng.reporters.JUnitReportReporter -->
<testsuite hostname="DESKTOP-IOIIPVP" failures="0" tests="1" name="elements.TestDragAndDrop" time="0.387" errors="0" timestamp="2021-10-16T20:17:06 EET" skipped="0">
  <testcase classname="elements.TestDragAndDrop" name="GetTableRows" time="0.387"/>
  <system-out/>
</testsuite> <!-- elements.TestDragAndDrop -->
