<?xml version="1.0" encoding="UTF-8"?>
<!-- Generated by org.testng.reporters.JUnitReportReporter -->
<testsuite hostname="DESKTOP-IOIIPVP" failures="0" tests="1" name="elements.Test_Tables2" time="0.591" errors="0" timestamp="2021-10-15T16:58:19 EET" skipped="0">
  <testcase classname="elements.Test_Tables2" name="GetTableRows" time="0.591"/>
  <system-out/>
</testsuite> <!-- elements.Test_Tables2 -->
