<?xml version="1.0" encoding="UTF-8"?>
<!-- Generated by org.testng.reporters.JUnitReportReporter -->
<testsuite hostname="DESKTOP-IOIIPVP" failures="0" tests="1" name="elements.TestNew" time="1.207" errors="0" timestamp="2021-10-22T10:01:13 EET" skipped="0">
  <testcase classname="elements.TestNew" name="GetLinks" time="1.207"/>
  <system-out/>
</testsuite> <!-- elements.TestNew -->
