<?xml version="1.0" encoding="UTF-8"?>
<!-- Generated by org.testng.reporters.JUnitReportReporter -->
<testsuite hostname="DESKTOP-IOIIPVP" failures="0" tests="1" name="elements.TestBrowserOptions" time="2.228" errors="0" timestamp="2021-10-15T10:01:44 EET" skipped="0">
  <testcase classname="elements.TestBrowserOptions" name="GetLinks" time="2.228"/>
  <system-out/>
</testsuite> <!-- elements.TestBrowserOptions -->
