<?xml version="1.0" encoding="UTF-8"?>
<!-- Generated by org.testng.reporters.JUnitReportReporter -->
<testsuite hostname="DESKTOP-IOIIPVP" failures="0" tests="1" name="elements.TestSchools" time="0.060" errors="0" timestamp="2021-10-26T22:30:25 EET" skipped="0">
  <testcase classname="elements.TestSchools" name="ChildWindows" time="0.060"/>
  <system-out/>
</testsuite> <!-- elements.TestSchools -->
