<?xml version="1.0" encoding="UTF-8"?>
<!-- Generated by org.testng.reporters.JUnitReportReporter -->
<testsuite hostname="DESKTOP-IOIIPVP" failures="0" tests="1" name="turath.net.Turath.NewTest2" time="0.012" errors="0" timestamp="2021-10-02T14:28:05 EET" skipped="0">
  <testcase classname="turath.net.Turath.NewTest2" name="tests" time="0.012"/>
  <system-out/>
</testsuite> <!-- turath.net.Turath.NewTest2 -->
