<?xml version="1.0" encoding="UTF-8"?>
<!-- Generated by org.testng.reporters.JUnitReportReporter -->
<testsuite hostname="DESKTOP-IOIIPVP" failures="0" tests="1" name="elements.TestFrames" time="0.051" errors="0" timestamp="2021-10-22T16:20:09 EET" skipped="0">
  <testcase classname="elements.TestFrames" name="UserCanLogin" time="0.051"/>
  <system-out/>
</testsuite> <!-- elements.TestFrames -->
