<?xml version="1.0" encoding="UTF-8"?>
<!-- Generated by org.testng.reporters.JUnitReportReporter -->
<testsuite hostname="DESKTOP-IOIIPVP" failures="0" tests="1" name="elements.TestLinkText" time="0.684" errors="0" timestamp="2021-10-15T09:37:42 EET" skipped="0">
  <testcase classname="elements.TestLinkText" name="GetLinks" time="0.684"/>
  <system-out/>
</testsuite> <!-- elements.TestLinkText -->
