<?xml version="1.0" encoding="UTF-8"?>
<!-- Generated by org.testng.reporters.JUnitReportReporter -->
<testsuite hostname="DESKTOP-IOIIPVP" failures="0" tests="1" name="elements.TestWindowHnadel2" time="0.096" errors="0" timestamp="2021-10-23T17:19:20 EET" skipped="0">
  <testcase classname="elements.TestWindowHnadel2" name="ChildWindows" time="0.096"/>
  <system-out/>
</testsuite> <!-- elements.TestWindowHnadel2 -->
