<?xml version="1.0" encoding="UTF-8"?>
<!-- Generated by org.testng.reporters.JUnitReportReporter -->
<testsuite hostname="DESKTOP-IOIIPVP" failures="0" tests="1" name="elements.TestLinks" time="0.098" errors="0" timestamp="2021-10-21T17:45:45 EET" skipped="0">
  <testcase classname="elements.TestLinks" name="GetLinks" time="0.098"/>
  <system-out/>
</testsuite> <!-- elements.TestLinks -->
